<?xml version="1.0" encoding="UTF-8"?><testsuite errors="1" failures="0" name="PD SD ks" skipped="0" tests="4" time="23.38" timestamp="2017-02-37 03:41:33"><testcase name="(/products-and-docs/sdks/) Verification for general page's elements"/><testcase name="(products-and-docs/sdks/) Verification for all the page's links"><failure message="Element is not clickable at point (801.4833374023438, 417). Other element would receive the click: &lt;img src=&quot;/assets/img/products-and-docs/sdk-js-logo.png&quot; alt=&quot;&quot;&gt; (WARNING: The server did not provide any stacktrace information)&#10;Command duration or timeout: 12 milliseconds&#10;Build info: version: '2.53.0', revision: '35ae25b1534ae328c771e0856c93e187490ca824', time: '2016-03-15 10:43:46'&#10;System info: host: 'testing-docker-c4c14acc-7b83-4c64-901d-1cde511c15c7', ip: '172.17.0.15', os.name: 'Linux', os.arch: 'amd64', os.version: '4.8.12-040812-generic', java.version: '1.8.0_31'&#10;Driver info: org.openqa.selenium.firefox.FirefoxDriver&#10;Capabilities [{applicationCacheEnabled=true, rotatable=false, handlesAlerts=true, databaseEnabled=true, version=31.0, platform=LINUX, nativeEvents=false, acceptSslCerts=true, webStorageEnabled=true, locationContextEnabled=true, browserName=firefox, takesScreenshot=true, javascriptEnabled=true, cssSelectorsEnabled=true}]&#10;Session ID: 4a3a48e3-ecf2-4541-9231-4fef4073282c" type="org.openqa.selenium.WebDriverException">Element is not clickable at point (801.4833374023438, 417). Other element would receive the click: &lt;img src="/assets/img/products-and-docs/sdk-js-logo.png" alt=""&gt; (WARNING: The server did not provide any stacktrace information)
Command duration or timeout: 12 milliseconds
Build info: version: '2.53.0', revision: '35ae25b1534ae328c771e0856c93e187490ca824', time: '2016-03-15 10:43:46'
System info: host: 'testing-docker-c4c14acc-7b83-4c64-901d-1cde511c15c7', ip: '172.17.0.15', os.name: 'Linux', os.arch: 'amd64', os.version: '4.8.12-040812-generic', java.version: '1.8.0_31'
Driver info: org.openqa.selenium.firefox.FirefoxDriver
Capabilities [{applicationCacheEnabled=true, rotatable=false, handlesAlerts=true, databaseEnabled=true, version=31.0, platform=LINUX, nativeEvents=false, acceptSslCerts=true, webStorageEnabled=true, locationContextEnabled=true, browserName=firefox, takesScreenshot=true, javascriptEnabled=true, cssSelectorsEnabled=true}]
Session ID: 4a3a48e3-ecf2-4541-9231-4fef4073282c</failure><system-err>Element is not clickable at point (801.4833374023438, 417). Other element would receive the click: &lt;img src="/assets/img/products-and-docs/sdk-js-logo.png" alt=""&gt; (WARNING: The server did not provide any stacktrace information)
Command duration or timeout: 12 milliseconds
Build info: version: '2.53.0', revision: '35ae25b1534ae328c771e0856c93e187490ca824', time: '2016-03-15 10:43:46'
System info: host: 'testing-docker-c4c14acc-7b83-4c64-901d-1cde511c15c7', ip: '172.17.0.15', os.name: 'Linux', os.arch: 'amd64', os.version: '4.8.12-040812-generic', java.version: '1.8.0_31'
Driver info: org.openqa.selenium.firefox.FirefoxDriver
Capabilities [{applicationCacheEnabled=true, rotatable=false, handlesAlerts=true, databaseEnabled=true, version=31.0, platform=LINUX, nativeEvents=false, acceptSslCerts=true, webStorageEnabled=true, locationContextEnabled=true, browserName=firefox, takesScreenshot=true, javascriptEnabled=true, cssSelectorsEnabled=true}]
Session ID: 4a3a48e3-ecf2-4541-9231-4fef4073282c
bla.tm.steps.products_and_docs.PD_SDKsSteps.validateAndClickElement(PD_SDKsSteps.java:37)
bla.tm.definitions.site.products_and_docs.PD_SDKsDefinition.checkIfElementVisibleAndClickIt(PD_SDKsDefinition.java:27)
</system-err></testcase></testsuite>