<div class="story">
<h1></h1>
<div class="path">stories/site/products_and_docs/PD_SDKs.story</div>
<div class="narrative"><h2>Narrative:</h2>
<div class="element inOrderTo"><span class="keyword inOrderTo">As a</span> test engineer</div>
<div class="element asA"><span class="keyword asA">I want to</span> test Ticket Master Developer's site</div>
<div class="element iWantTo"><span class="keyword iWantTo">So that</span> I test SDK-s Page of Ticket Master Developer's site</div>
</div>
<div class="scenario">
<h2>Scenario: (/products-and-docs/sdks/) Verification for general page's elements</h2>
<div class="step successful">Given open SDKs page</div>
<div class="step successful">Then check general page elements for SDKs Page, where DISQUS = <span class="step parameter">true</span> and LeftMenu = <span class="step parameter">true</span></div>
</div>
<div class="scenario">
<h2>Scenario: (products-and-docs/sdks/) Verification for all the page's links</h2>
<div class="examples">
<h3>Examples:</h3>
<div class="step">Given open SDKs page</div>
<div class="step">When check visibility and click &lt;elementKey&gt; element of SDKs page</div>
<div class="step">Then check that new page opened from SDKs page has &lt;pageURL&gt; and &lt;pageTitle&gt;</div>
<table>
<thead>
<tr>
<th>elementKey</th><th>pageURL</th><th>pageTitle</th></tr>
</thead>
<tbody>
<tr>
<td>SDK-Java Image</td><td>https://github.com/ticketmaster-api/sdk-java</td><td>//h1[@class='public ']/strong/a</td></tr>
<tr>
<td>SDK-JavaScript Image</td><td>https://github.com/ticketmaster-api/sdk-javascript</td><td>//h1[@class='public ']/strong/a</td></tr>
<tr>
<td>SDK-Scala Image</td><td>https://github.com/ticketmaster-api/sdk-scala</td><td>//h1[@class='public ']/strong/a</td></tr>
</tbody>
</table>

<h3 class="example">Example: {elementKey=SDK-Java Image, pageURL=https://github.com/ticketmaster-api/sdk-java, pageTitle=//h1[@class='public ']/strong/a}</h3>
<div class="step successful">Given open SDKs page</div>
<div class="step successful">When check visibility and click <span class="step parameter">SDK-Java Image</span> element of SDKs page</div>
<div class="step successful">Then check that new page opened from SDKs page has <span class="step parameter">https://github.com/ticketmaster-api/sdk-java</span> and <span class="step parameter">//h1[@class='public ']/strong/a</span></div>

<h3 class="example">Example: {elementKey=SDK-JavaScript Image, pageURL=https://github.com/ticketmaster-api/sdk-javascript, pageTitle=//h1[@class='public ']/strong/a}</h3>
<div class="step successful">Given open SDKs page</div>
<div class="step failed">When check visibility and click <span class="step parameter">SDK-JavaScript Image</span> element of SDKs page <span class="keyword failed">(FAILED)</span><br/><span class="message failed">net.serenitybdd.core.exceptions.SerenityManagedException: Element is not clickable at point (801.4833374023438, 417). Other element would receive the click: &lt;img src=&quot;/assets/img/products-and-docs/sdk-js-logo.png&quot; alt=&quot;&quot;&gt; (WARNING: The server did not provide any stacktrace information)
Command duration or timeout: 12 milliseconds
Build info: version: '2.53.0', revision: '35ae25b1534ae328c771e0856c93e187490ca824', time: '2016-03-15 10:43:46'
System info: host: 'testing-docker-c4c14acc-7b83-4c64-901d-1cde511c15c7', ip: '172.17.0.15', os.name: 'Linux', os.arch: 'amd64', os.version: '4.8.12-040812-generic', java.version: '1.8.0_31'
Driver info: org.openqa.selenium.firefox.FirefoxDriver
Capabilities [{applicationCacheEnabled=true, rotatable=false, handlesAlerts=true, databaseEnabled=true, version=31.0, platform=LINUX, nativeEvents=false, acceptSslCerts=true, webStorageEnabled=true, locationContextEnabled=true, browserName=firefox, takesScreenshot=true, javascriptEnabled=true, cssSelectorsEnabled=true}]
Session ID: 4a3a48e3-ecf2-4541-9231-4fef4073282c</span></div>
<div class="step notPerformed">Then check that new page opened from SDKs page has <span class="step parameter">https://github.com/ticketmaster-api/sdk-javascript</span> and <span class="step parameter">//h1[@class='public ']/strong/a</span> <span class="keyword notPerformed">(NOT PERFORMED)</span></div>

<h3 class="example">Example: {elementKey=SDK-Scala Image, pageURL=https://github.com/ticketmaster-api/sdk-scala, pageTitle=//h1[@class='public ']/strong/a}</h3>
<div class="step successful">Given open SDKs page</div>
<div class="step successful">When check visibility and click <span class="step parameter">SDK-Scala Image</span> element of SDKs page</div>
<div class="step successful">Then check that new page opened from SDKs page has <span class="step parameter">https://github.com/ticketmaster-api/sdk-scala</span> and <span class="step parameter">//h1[@class='public ']/strong/a</span></div>
</div>
<pre class="failure">net.serenitybdd.core.exceptions.SerenityManagedException: Element is not clickable at point (801.4833374023438, 417). Other element would receive the click: &lt;img src=&quot;/assets/img/products-and-docs/sdk-js-logo.png&quot; alt=&quot;&quot;&gt; (WARNING: The server did not provide any stacktrace information)
Command duration or timeout: 12 milliseconds
Build info: version: '2.53.0', revision: '35ae25b1534ae328c771e0856c93e187490ca824', time: '2016-03-15 10:43:46'
System info: host: 'testing-docker-c4c14acc-7b83-4c64-901d-1cde511c15c7', ip: '172.17.0.15', os.name: 'Linux', os.arch: 'amd64', os.version: '4.8.12-040812-generic', java.version: '1.8.0_31'
Driver info: org.openqa.selenium.firefox.FirefoxDriver
Capabilities [{applicationCacheEnabled=true, rotatable=false, handlesAlerts=true, databaseEnabled=true, version=31.0, platform=LINUX, nativeEvents=false, acceptSslCerts=true, webStorageEnabled=true, locationContextEnabled=true, browserName=firefox, takesScreenshot=true, javascriptEnabled=true, cssSelectorsEnabled=true}]
Session ID: 4a3a48e3-ecf2-4541-9231-4fef4073282c
	at net.serenitybdd.core.exceptions.SerenityManagedException.detachedCopyOf(SerenityManagedException.java:20)
	at net.thucydides.core.steps.StepInterceptor.runTestStep(StepInterceptor.java:341)
	at net.thucydides.core.steps.StepInterceptor.testStepResult(StepInterceptor.java:134)
	at net.thucydides.core.steps.StepInterceptor.intercept(StepInterceptor.java:61)
	at bla.tm.steps.products_and_docs.PD_SDKsSteps$$EnhancerByCGLIB$$b14039dd.validateAndClickElement(&lt;generated&gt;)
	at bla.tm.definitions.site.products_and_docs.PD_SDKsDefinition.checkIfElementVisibleAndClickIt(PD_SDKsDefinition.java:27)
	(reflection-invoke)
	at org.jbehave.core.steps.StepCreator$ParametrisedStep.perform(StepCreator.java:733)
	at org.jbehave.core.embedder.PerformableTree$FineSoFar.run(PerformableTree.java:346)
...</pre>
</div>
</div>
